21:15:50 **** Incremental Build of configuration Debug for project final_project_mcu2 ****
make all 
Building file: ../APP/mcu2.c
Invoking: AVR Compiler
avr-gcc -Wall -g2 -gstabs -O0 -fpack-struct -fshort-enums -ffunction-sections -fdata-sections -std=gnu99 -funsigned-char -funsigned-bitfields -mmcu=atmega32 -DF_CPU=8000000UL -MMD -MP -MF"APP/mcu2.d" -MT"APP/mcu2.o" -c -o "APP/mcu2.o" "../APP/mcu2.c"
In file included from ../APP/mcu2.c:14:
c:/winavr-20100110/lib/gcc/../../avr/include/util/delay.h:90:3: warning: #warning "Compiler optimizations disabled; functions from <util/delay.h> won't work as designed"
../APP/mcu2.c: In function 'main':
../APP/mcu2.c:209: warning: function return types not compatible due to 'volatile'
../APP/mcu2.c:220: warning: function return types not compatible due to 'volatile'
Finished building: ../APP/mcu2.c
 
Building target: final_project_mcu2.elf
Invoking: AVR C Linker
avr-gcc -Wl,-Map,final_project_mcu2.map -mmcu=atmega32 -o "final_project_mcu2.elf"  ./APP/HAL/MCAL/PWM.o ./APP/HAL/MCAL/TWI.o ./APP/HAL/MCAL/UART.o ./APP/HAL/MCAL/gpio.o ./APP/HAL/MCAL/timer1.o  ./APP/HAL/DCmotor.o ./APP/HAL/buzzer.o ./APP/HAL/external_EEPROM.o  ./APP/mcu2.o   
Finished building target: final_project_mcu2.elf
 
Invoking: AVR Create Extended Listing
avr-objdump -h -S final_project_mcu2.elf  >"final_project_mcu2.lss"
Finished building: final_project_mcu2.lss
 
Invoking: Print Size
avr-size --format=avr --mcu=atmega32 final_project_mcu2.elf
AVR Memory Usage
----------------
Device: atmega32

Program:   10372 bytes (31.7% Full)
(.text + .data + .bootloader)

Data:        309 bytes (15.1% Full)
(.data + .bss + .noinit)


Finished building: sizedummy
 
21:15:56 **** Incremental Build of configuration Debug for project final_project_mcu1 ****
make all 
Invoking: Print Size
avr-size --format=avr --mcu=atmega32 final_project_mcu1.elf
AVR Memory Usage
----------------
Device: atmega32

Program:   13982 bytes (42.7% Full)
(.text + .data + .bootloader)

Data:        431 bytes (21.0% Full)
(.data + .bss + .noinit)


Finished building: sizedummy
 
21:15:56 **** Incremental Build of configuration Debug for project final_project_mcu2 ****
make all 
Invoking: Print Size
avr-size --format=avr --mcu=atmega32 final_project_mcu2.elf
AVR Memory Usage
----------------
Device: atmega32

Program:   10372 bytes (31.7% Full)
(.text + .data + .bootloader)

Data:        309 bytes (15.1% Full)
(.data + .bss + .noinit)


Finished building: sizedummy
 
